0 info it worked if it ends with ok
1 verbose cli [ 'node',
1 verbose cli   '/usr/local/bin/npm',
1 verbose cli   'install',
1 verbose cli   'medium-editor-insert-plugin' ]
2 info using npm@2.1.7
3 info using node@v0.10.32
4 verbose node symlink /usr/local/bin/node
5 warn package.json ontrail@1.0.0 No description
6 warn package.json ontrail@1.0.0 No README data
7 silly cache add args [ 'medium-editor-insert-plugin', null ]
8 verbose cache add spec medium-editor-insert-plugin
9 silly cache add parsed spec { raw: 'medium-editor-insert-plugin',
9 silly cache add   scope: null,
9 silly cache add   name: 'medium-editor-insert-plugin',
9 silly cache add   rawSpec: '',
9 silly cache add   spec: '*',
9 silly cache add   type: 'range' }
10 verbose addNamed medium-editor-insert-plugin@*
11 silly addNamed semver.valid null
12 silly addNamed semver.validRange *
13 silly addNameRange { name: 'medium-editor-insert-plugin',
13 silly addNameRange   range: '*',
13 silly addNameRange   hasData: false }
14 silly mapToRegistry name medium-editor-insert-plugin
15 silly mapToRegistry using default registry
16 silly mapToRegistry registry https://registry.npmjs.org/
17 silly mapToRegistry uri https://registry.npmjs.org/medium-editor-insert-plugin
18 verbose addNameRange registry:https://registry.npmjs.org/medium-editor-insert-plugin not in flight; fetching
19 verbose request uri https://registry.npmjs.org/medium-editor-insert-plugin
20 verbose request no auth needed
21 info attempt registry request try #1 at 00:26:35
22 verbose request id d275947ed4b4311b
23 http request GET https://registry.npmjs.org/medium-editor-insert-plugin
24 http 404 https://registry.npmjs.org/medium-editor-insert-plugin
25 verbose headers { date: 'Mon, 10 Nov 2014 22:26:36 GMT',
25 verbose headers   server: 'CouchDB/1.5.0 (Erlang OTP/R16B03)',
25 verbose headers   'content-type': 'application/json',
25 verbose headers   'cache-control': 'max-age=0',
25 verbose headers   'content-length': '52',
25 verbose headers   'accept-ranges': 'bytes',
25 verbose headers   via: '1.1 varnish',
25 verbose headers   age: '0',
25 verbose headers   'x-served-by': 'cache-fra1246-FRA',
25 verbose headers   'x-cache': 'MISS',
25 verbose headers   'x-cache-hits': '0',
25 verbose headers   'x-timer': 'S1415658396.140933,VS0,VE703',
25 verbose headers   'keep-alive': 'timeout=10, max=50',
25 verbose headers   connection: 'Keep-Alive' }
26 silly get cb [ 404,
26 silly get   { date: 'Mon, 10 Nov 2014 22:26:36 GMT',
26 silly get     server: 'CouchDB/1.5.0 (Erlang OTP/R16B03)',
26 silly get     'content-type': 'application/json',
26 silly get     'cache-control': 'max-age=0',
26 silly get     'content-length': '52',
26 silly get     'accept-ranges': 'bytes',
26 silly get     via: '1.1 varnish',
26 silly get     age: '0',
26 silly get     'x-served-by': 'cache-fra1246-FRA',
26 silly get     'x-cache': 'MISS',
26 silly get     'x-cache-hits': '0',
26 silly get     'x-timer': 'S1415658396.140933,VS0,VE703',
26 silly get     'keep-alive': 'timeout=10, max=50',
26 silly get     connection: 'Keep-Alive' } ]
27 verbose stack Error: 404 Not Found: medium-editor-insert-plugin
27 verbose stack     at CachingRegistryClient.<anonymous> (/usr/local/lib/node_modules/npm/node_modules/npm-registry-client/lib/request.js:232:14)
27 verbose stack     at Request._callback (/usr/local/lib/node_modules/npm/node_modules/npm-registry-client/lib/request.js:172:14)
27 verbose stack     at Request.self.callback (/usr/local/lib/node_modules/npm/node_modules/request/request.js:372:22)
27 verbose stack     at Request.emit (events.js:98:17)
27 verbose stack     at Request.<anonymous> (/usr/local/lib/node_modules/npm/node_modules/request/request.js:1310:14)
27 verbose stack     at Request.emit (events.js:117:20)
27 verbose stack     at IncomingMessage.<anonymous> (/usr/local/lib/node_modules/npm/node_modules/request/request.js:1258:12)
27 verbose stack     at IncomingMessage.emit (events.js:117:20)
27 verbose stack     at _stream_readable.js:943:16
27 verbose stack     at process._tickCallback (node.js:419:13)
28 verbose statusCode 404
29 verbose pkgid medium-editor-insert-plugin
30 verbose cwd /Users/plouh/work/running/ontrail/resources/public/trail
31 error Darwin 14.0.0
32 error argv "node" "/usr/local/bin/npm" "install" "medium-editor-insert-plugin"
33 error node v0.10.32
34 error npm  v2.1.7
35 error code E404
36 error 404 Not Found: medium-editor-insert-plugin
36 error 404
36 error 404 'medium-editor-insert-plugin' is not in the npm registry.
36 error 404 You should bug the author to publish it (or use the name yourself!)
36 error 404 It was specified as a dependency of 'ontrail'
36 error 404
36 error 404 Note that you can also install from a
36 error 404 tarball, folder, http url, or git url.
37 verbose exit [ 1, true ]
